\BOOKMARK [1][-]{section.1}{Heart Attack}{}% 1
\BOOKMARK [2][-]{subsection.1.1}{}{section.1}% 2
\BOOKMARK [2][-]{subsection.1.2}{}{section.1}% 3
\BOOKMARK [2][-]{subsection.1.3}{}{section.1}% 4
\BOOKMARK [2][-]{subsection.1.4}{}{section.1}% 5
\BOOKMARK [2][-]{subsection.1.5}{}{section.1}% 6
\BOOKMARK [2][-]{subsection.1.6}{}{section.1}% 7
\BOOKMARK [1][-]{section.2}{Particle in a Cylinder}{}% 8
\BOOKMARK [2][-]{subsection.2.1}{}{section.2}% 9
\BOOKMARK [2][-]{subsection.2.2}{}{section.2}% 10
\BOOKMARK [2][-]{subsection.2.3}{}{section.2}% 11
\BOOKMARK [2][-]{subsection.2.4}{}{section.2}% 12
\BOOKMARK [2][-]{subsection.2.5}{}{section.2}% 13
\BOOKMARK [2][-]{subsection.2.6}{}{section.2}% 14
\BOOKMARK [2][-]{subsection.2.7}{}{section.2}% 15
\BOOKMARK [2][-]{subsection.2.8}{}{section.2}% 16
\BOOKMARK [1][-]{section.3}{Rotating Tube}{}% 17
\BOOKMARK [2][-]{subsection.3.1}{}{section.3}% 18
\BOOKMARK [2][-]{subsection.3.2}{}{section.3}% 19
\BOOKMARK [2][-]{subsection.3.3}{}{section.3}% 20
\BOOKMARK [2][-]{subsection.3.4}{}{section.3}% 21
\BOOKMARK [2][-]{subsection.3.5}{}{section.3}% 22
\BOOKMARK [1][-]{section.4}{Charged Quantam Particles}{}% 23
\BOOKMARK [2][-]{subsection.4.1}{}{section.4}% 24
\BOOKMARK [2][-]{subsection.4.2}{}{section.4}% 25
\BOOKMARK [2][-]{subsection.4.3}{}{section.4}% 26
\BOOKMARK [2][-]{subsection.4.4}{}{section.4}% 27
\BOOKMARK [2][-]{subsection.4.5}{}{section.4}% 28
\BOOKMARK [2][-]{subsection.4.6}{}{section.4}% 29
\BOOKMARK [2][-]{subsection.4.7}{}{section.4}% 30
\BOOKMARK [2][-]{subsection.4.8}{}{section.4}% 31
\BOOKMARK [2][-]{subsection.4.9}{}{section.4}% 32
\BOOKMARK [2][-]{subsection.4.10}{}{section.4}% 33
\BOOKMARK [2][-]{subsection.4.11}{}{section.4}% 34
\BOOKMARK [2][-]{subsection.4.12}{}{section.4}% 35
\BOOKMARK [2][-]{subsection.4.13}{}{section.4}% 36
\BOOKMARK [2][-]{subsection.4.14}{}{section.4}% 37
